"../../../Jam/Content/asdf.uasset" 0
"../../../Jam/Content/asdf_Mat.uasset" 1
"../../../Jam/Content/NewBlueprint.uasset" 2
"../../../Jam/Content/Models/heroine7_Skeleton.uasset" 3
"../../../Jam/Content/Models/Animations/ThirdPerson_Jump.uasset" 4
"../../../Jam/Content/Models/Animations/ThirdPersonJump_Loop.uasset" 5
"../../../Jam/Content/Models/Animations/ThirdPersonJump_Start.uasset" 6
"../../../Jam/Content/Models/Animations/ThirdPersonIdle.uasset" 7
"../../../Jam/Content/Models/Animations/ThirdPersonRun.uasset" 8
"../../../Jam/Content/Models/Animations/ThirdPersonWalk.uasset" 9
"../../../Jam/Content/Models/Animations/ThirdPerson_IdleRun_2D.uasset" 10
"../../../Engine/Content/EditorBlueprintResources/StandardMacros.uasset" 11
"../../../Jam/Content/Models/Animations/PlayerAnimBlueprint.uasset" 12
"../../../Jam/Content/Blueprints/Enemy/Enemy_Troll/SK_Troll_Poison_Skeleton.uasset" 13
"../../../Jam/Content/Blueprints/Enemy/Enemy_Troll/Enemy_Troll_Poison_Animation/ExoGame_Troll_Idle_Home.uasset" 14
"../../../Jam/Content/Blueprints/Enemy/Enemy_Troll/Enemy_Troll_Poison_Animation/ExoGame_Troll_Walk_Fwd.uasset" 15
"../../../Jam/Content/Blueprints/Enemy/Enemy_Troll/BigGuyIdleRun.uasset" 16
"../../../Jam/Content/Blueprints/Enemy/Enemy_Troll/BigGuyAIController.uasset" 17
"../../../Jam/Content/Blueprints/Enemy/Enemy_Troll/BigGuyAnimBlueprint.uasset" 18
"../../../Jam/Content/Blueprints/Enemy/Enemy_Troll/Enemy_Troll_Poison_Animation/ExoGame_Troll_Death_.uasset" 19
"../../../Jam/Content/Blueprints/Enemy/Enemy_Troll/Enemy_Troll_Poison_Animation/Ded.uasset" 20
"../../../Jam/Content/Blueprints/Enemy/Enemy_Troll/Enemy_Troll_Poison_Animation/ExoGame_Troll_Attack.uasset" 21
"../../../Jam/Content/Blueprints/Enemy/Enemy_Troll/Enemy_Troll_Poison_Animation/Atak.uasset" 22
"../../../Jam/Content/Blueprints/Inputs.uasset" 23
"../../../Jam/Content/Blueprints/Enemy/States/EnemyState.uasset" 24
"../../../Jam/Content/Blueprints/Enemy/States/EnemyStates.uasset" 25
"../../../Jam/Content/Blueprints/Enemy/States/Attack.uasset" 26
"../../../Engine/Content/EngineMeshes/Humanoid.uasset" 27
"../../../Jam/Content/Blueprints/Enemy/Enemy_Gruntling/Textures/T_Gruntling_Emissive.uasset" 28
"../../../Jam/Content/Blueprints/Enemy/Enemy_Gruntling/Textures/T_Gruntling_M.uasset" 29
"../../../Jam/Content/Blueprints/Enemy/Enemy_Gruntling_Guardian/Textures/T_Gruntling_Guardian_N.uasset" 30
"../../../Jam/Content/Blueprints/Enemy/Enemy_Gruntling_Guardian/Textures/T_Gruntling_Guardian_D.uasset" 31
"../../../Jam/Content/Blueprints/Enemy/Enemy_Gruntling/Materials/CharM_Gruntling.uasset" 32
"../../../Jam/Content/Blueprints/Enemy/Enemy_Gruntling/SK_Exodus_Gruntling_PhysicsAsset.uasset" 33
"../../../Jam/Content/Blueprints/Enemy/Enemy_Gruntling/SK_Exodus_Gruntling.uasset" 34
"../../../Jam/Content/Blueprints/Enemy/Enemy_Gruntling/SK_Exodus_Gruntling_Skeleton.uasset" 35
"../../../Jam/Content/Blueprints/Enemy/Enemy_Gruntling/Enemy_Gruntling_Animation/ExoGame_Gruntling_Death.uasset" 36
"../../../Jam/Content/Blueprints/Enemy/Enemy_Gruntling/Enemy_Gruntling_Animation/ded2.uasset" 37
"../../../Jam/Content/Blueprints/Enemy/States/Dead.uasset" 38
"../../../Jam/Content/Blueprints/Enemy/States/Default.uasset" 39
"../../../Jam/Content/Blueprints/Enemy/Enemy_Troll/Textures/T_Troll_N.uasset" 40
"../../../Jam/Content/Blueprints/Enemy/Enemy_Troll/Textures/T_Troll_Poison_D.uasset" 41
"../../../Jam/Content/Blueprints/Enemy/Enemy_Troll/Textures/T_Troll_Poison_M.uasset" 42
"../../../Jam/Content/Blueprints/Enemy/Enemy_Troll/Materials/CharM_Troll_Poison.uasset" 43
"../../../Jam/Content/Blueprints/Enemy/Enemy_Troll/Meshes/SM_Troll_hammer.uasset" 44
"../../../Jam/Content/Blueprints/Enemy/Enemy_Troll/SK_Troll_Poison.uasset" 45
"../../../Jam/Content/splode_mat.uasset" 46
"../../../Jam/Content/splode.uasset" 47
"../../../Jam/Content/HtiParticles.uasset" 48
"../../../Jam/Content/Blueprints/Enemy/Enemy_Troll/BigGuy.uasset" 49
"../../../Jam/Content/Blueprints/HUD/HUD.uasset" 50
"../../../Jam/Content/Blueprints/JamPlayerController.uasset" 51
"../../../Jam/Content/Models/Animations/HeroTPP_sword1.uasset" 52
"../../../Jam/Content/Models/Animations/HeroTPP_sword1_Montage.uasset" 53
"../../../Jam/Content/Blueprints/States/PlayerState.uasset" 54
"../../../Jam/Content/Blueprints/States.uasset" 55
"../../../Jam/Content/Blueprints/States/Attack.uasset" 56
"../../../Jam/Content/Models/Animations/HeroTPP_roll.uasset" 57
"../../../Jam/Content/Models/Animations/HeroTPP_roll_Montage.uasset" 58
"../../../Jam/Content/Blueprints/States/Dodge.uasset" 59
"../../../Jam/Content/Blueprints/States/Normal.uasset" 60
"../../../Jam/Content/Models/heroine_UV3.uasset" 61
"../../../Jam/Content/Models/PlayerMat.uasset" 62
"../../../Jam/Content/Models/heroine_UV4.uasset" 63
"../../../Jam/Content/Models/PlayerMat2.uasset" 64
"../../../Jam/Content/Blueprints/Characters.uasset" 65
"../../../Jam/Content/Character/brush2.uasset" 66
"../../../Jam/Content/Character/roughness.uasset" 67
"../../../Jam/Content/Character/Material_001.uasset" 68
"../../../Jam/Content/Character/brush_PhysicsAsset.uasset" 69
"../../../Jam/Content/Character/brush_Skeleton.uasset" 70
"../../../Jam/Content/Character/brush.uasset" 71
"../../../Jam/Content/Models/eye_lense.uasset" 72
"../../../Jam/Content/Models/eyeball_material.uasset" 73
"../../../Jam/Content/Models/Material.uasset" 74
"../../../Jam/Content/Models/Material_010.uasset" 75
"../../../Jam/Content/Models/heroine7_PhysicsAsset.uasset" 76
"../../../Jam/Content/Models/heroine7.uasset" 77
"../../../Jam/Content/Blueprints/JamCharacter.uasset" 78
"../../../Jam/Content/Blueprints/JamGameMode.uasset" 79
"../../../Jam/Content/Mannequin/Character/Mesh/UE4_Mannequin_Skeleton.uasset" 80
"../../../Jam/Content/Mannequin/Animations/ThirdPerson_Jump.uasset" 81
"../../../Jam/Content/Mannequin/Animations/ThirdPersonJump_Loop.uasset" 82
"../../../Jam/Content/Mannequin/Animations/ThirdPersonJump_Start.uasset" 83
"../../../Jam/Content/Mannequin/Animations/ThirdPersonIdle.uasset" 84
"../../../Jam/Content/Mannequin/Animations/ThirdPersonRun.uasset" 85
"../../../Jam/Content/Mannequin/Animations/ThirdPersonWalk.uasset" 86
"../../../Jam/Content/Mannequin/Animations/ThirdPerson_IdleRun_2D.uasset" 87
"../../../Jam/Content/Mannequin/Animations/ThirdPerson_AnimBP.uasset" 88
"../../../Engine/Content/Functions/Engine_MaterialFunctions02/Utility/BlendAngleCorrectedNormals.uasset" 89
"../../../Engine/Content/Functions/MaterialLayerFunctions/MatLayerBlend_NormalBlend.uasset" 90
"../../../Engine/Content/Functions/MaterialLayerFunctions/MatLayerBlend_Simple.uasset" 91
"../../../Jam/Content/Mannequin/Character/Materials/MaterialLayers/T_ML_Rubber_Blue_01_D.uasset" 92
"../../../Jam/Content/Mannequin/Character/Materials/MaterialLayers/T_ML_Rubber_Blue_01_N.uasset" 93
"../../../Jam/Content/Mannequin/Character/Materials/MaterialLayers/ML_GlossyBlack_Latex_UE4.uasset" 94
"../../../Jam/Content/Mannequin/Character/Materials/MaterialLayers/ML_Plastic_Shiny_Beige.uasset" 95
"../../../Jam/Content/Mannequin/Character/Textures/UE4_LOGO_CARD.uasset" 96
"../../../Jam/Content/Mannequin/Character/Materials/MaterialLayers/ML_Plastic_Shiny_Beige_LOGO.uasset" 97
"../../../Jam/Content/Mannequin/Character/Materials/MaterialLayers/T_ML_Aluminum01.uasset" 98
"../../../Jam/Content/Mannequin/Character/Materials/MaterialLayers/T_ML_Aluminum01_N.uasset" 99
"../../../Jam/Content/Mannequin/Character/Materials/MaterialLayers/ML_SoftMetal_UE4.uasset" 100
"../../../Jam/Content/Mannequin/Character/Textures/UE4_Mannequin__normals.uasset" 101
"../../../Jam/Content/Mannequin/Character/Textures/UE4_Mannequin_MAT_MASKA.uasset" 102
"../../../Jam/Content/Mannequin/Character/Materials/M_UE4Man_Body.uasset" 103
"../../../Jam/Content/Mannequin/Character/Textures/UE4Man_Logo_N.uasset" 104
"../../../Jam/Content/Mannequin/Character/Materials/M_UE4Man_ChestLogo.uasset" 105
"../../../Jam/Content/Mannequin/Character/Mesh/SK_Mannequin_PhysicsAsset.uasset" 106
"../../../Jam/Content/Mannequin/Character/Mesh/SK_Mannequin.uasset" 107
"../../../Jam/Content/Blueprints/ThirdPersonCharacter.uasset" 108
"../../../Jam/Content/Blueprints/ThirdPersonGameMode.uasset" 109
"../../../Jam/Content/Blueprints/Enemy/Enemy_Gruntling/Enemy_Gruntling_Animation/ExoGame_Gruntling_Aggro_A.uasset" 110
"../../../Jam/Content/Blueprints/Enemy/Enemy_Gruntling/Enemy_Gruntling_Animation/ExoGame_Gruntling_Cast.uasset" 111
"../../../Jam/Content/Blueprints/Enemy/Enemy_Gruntling/Enemy_Gruntling_Animation/ExoGame_Gruntling_Death_Small.uasset" 112
"../../../Jam/Content/Blueprints/Enemy/Enemy_Gruntling/Enemy_Gruntling_Animation/ExoGame_Gruntling_Death_Small_03.uasset" 113
"../../../Jam/Content/Blueprints/Enemy/Enemy_Gruntling/Enemy_Gruntling_Animation/ExoGame_Gruntling_Death_Small_04.uasset" 114
"../../../Jam/Content/Blueprints/Enemy/Enemy_Gruntling/Enemy_Gruntling_Animation/ExoGame_Gruntling_Death_Small_05.uasset" 115
"../../../Jam/Content/Blueprints/Enemy/Enemy_Gruntling/Enemy_Gruntling_Animation/ExoGame_Gruntling_Death_Small_Alt.uasset" 116
"../../../Jam/Content/Blueprints/Enemy/Enemy_Gruntling/Enemy_Gruntling_Animation/ExoGame_Gruntling_Death_WeaponInHand.uasset" 117
"../../../Jam/Content/Blueprints/Enemy/Enemy_Gruntling/Enemy_Gruntling_Animation/ExoGame_Gruntling_Falling.uasset" 118
"../../../Jam/Content/Blueprints/Enemy/Enemy_Gruntling/Enemy_Gruntling_Animation/ExoGame_Gruntling_Intro_ClimbingUp.uasset" 119
"../../../Jam/Content/Blueprints/Enemy/Enemy_Gruntling/Enemy_Gruntling_Animation/ExoGame_Gruntling_Intro_DropDown.uasset" 120
"../../../Jam/Content/Blueprints/Enemy/Enemy_Gruntling/Enemy_Gruntling_Animation/ExoGame_Gruntling_Intro_Summon.uasset" 121
"../../../Jam/Content/Blueprints/Enemy/Enemy_Gruntling/Enemy_Gruntling_Animation/ExoGame_Gruntling_On_Fire.uasset" 122
"../../../Jam/Content/Blueprints/Enemy/Enemy_Gruntling/Enemy_Gruntling_Animation/ExoGame_Gruntling_React_Heavy_Front.uasset" 123
"../../../Jam/Content/Blueprints/Enemy/Enemy_Gruntling/Enemy_Gruntling_Animation/ExoGame_Gruntling_React_Knockback_Front.uasset" 124
"../../../Jam/Content/Blueprints/Enemy/Enemy_Gruntling/Enemy_Gruntling_Animation/ExoGame_Gruntling_React_Light_Front.uasset" 125
"../../../Jam/Content/Blueprints/Enemy/Enemy_Gruntling/Enemy_Gruntling_Animation/ExoGame_Gruntling_React_Light_Front_Alt.uasset" 126
"../../../Jam/Content/Blueprints/Enemy/Enemy_Gruntling/Enemy_Gruntling_Animation/ExoGame_Gruntling_React_Stunned_Enter.uasset" 127
"../../../Jam/Content/Blueprints/Enemy/Enemy_Gruntling/Enemy_Gruntling_Animation/ExoGame_Gruntling_React_Stunned_Exit.uasset" 128
"../../../Jam/Content/Blueprints/Enemy/Enemy_Gruntling/Enemy_Gruntling_Animation/ExoGame_Gruntling_React_Stunned_Idle.uasset" 129
"../../../Jam/Content/Blueprints/Enemy/Enemy_Gruntling/Enemy_Gruntling_Animation/ExoGame_Gruntling_Run_Bwd.uasset" 130
"../../../Jam/Content/Blueprints/Enemy/Enemy_Gruntling/Enemy_Gruntling_Animation/ExoGame_Gruntling_Walk.uasset" 131
"../../../Jam/Content/Blueprints/Enemy/Enemy_Gruntling/Enemy_Gruntling_Animation/ExoGame_Gruntling_Walk_Bwd.uasset" 132
"../../../Jam/Content/Blueprints/Enemy/Enemy_Gruntling/Enemy_Gruntling_Animation/ExoGame_Gruntling_Walk_Left.uasset" 133
"../../../Jam/Content/Blueprints/Enemy/Enemy_Gruntling/Enemy_Gruntling_Animation/ExoGame_Gruntling_Walk_Right.uasset" 134
"../../../Jam/Content/Blueprints/Enemy/Enemy_Gruntling/Enemy_Gruntling_Animation/ExoGame_Gruntling_Walk_Slow.uasset" 135
"../../../Jam/Content/Blueprints/Enemy/Enemy_Gruntling/Textures/T_Gruntling_D.uasset" 136
"../../../Jam/Content/Blueprints/Enemy/Enemy_Gruntling_Guardian/SK_Gruntling_Guardian_Skeleton.uasset" 137
"../../../Jam/Content/Blueprints/Enemy/Enemy_Gruntling_Guardian/Enemy_Gruntling_Guardian_Animation/ExoGame_Gruntling_Aggro_A.uasset" 138
"../../../Jam/Content/Blueprints/Enemy/Enemy_Gruntling_Guardian/Enemy_Gruntling_Guardian_Animation/ExoGame_Gruntling_Cast.uasset" 139
"../../../Jam/Content/Blueprints/Enemy/Enemy_Gruntling_Guardian/Enemy_Gruntling_Guardian_Animation/ExoGame_Gruntling_Death.uasset" 140
"../../../Jam/Content/Blueprints/Enemy/Enemy_Gruntling_Guardian/Enemy_Gruntling_Guardian_Animation/ExoGame_Gruntling_Death_Small.uasset" 141
"../../../Jam/Content/Blueprints/Enemy/Enemy_Gruntling_Guardian/Enemy_Gruntling_Guardian_Animation/ExoGame_Gruntling_Death_Small_03.uasset" 142
"../../../Jam/Content/Blueprints/Enemy/Enemy_Gruntling_Guardian/Enemy_Gruntling_Guardian_Animation/ExoGame_Gruntling_Death_Small_04.uasset" 143
"../../../Jam/Content/Blueprints/Enemy/Enemy_Gruntling_Guardian/Enemy_Gruntling_Guardian_Animation/ExoGame_Gruntling_Death_Small_05.uasset" 144
"../../../Jam/Content/Blueprints/Enemy/Enemy_Gruntling_Guardian/Enemy_Gruntling_Guardian_Animation/ExoGame_Gruntling_Death_Small_Alt.uasset" 145
"../../../Jam/Content/Blueprints/Enemy/Enemy_Gruntling_Guardian/Enemy_Gruntling_Guardian_Animation/ExoGame_Gruntling_Falling.uasset" 146
"../../../Jam/Content/Blueprints/Enemy/Enemy_Gruntling_Guardian/Enemy_Gruntling_Guardian_Animation/ExoGame_Gruntling_Intro_ClimbingUp.uasset" 147
"../../../Jam/Content/Blueprints/Enemy/Enemy_Gruntling_Guardian/Enemy_Gruntling_Guardian_Animation/ExoGame_Gruntling_Intro_DropDown.uasset" 148
"../../../Jam/Content/Blueprints/Enemy/Enemy_Gruntling_Guardian/Enemy_Gruntling_Guardian_Animation/ExoGame_Gruntling_Intro_Summon.uasset" 149
"../../../Jam/Content/Blueprints/Enemy/Enemy_Gruntling_Guardian/Enemy_Gruntling_Guardian_Animation/ExoGame_Gruntling_On_Fire.uasset" 150
"../../../Jam/Content/Blueprints/Enemy/Enemy_Gruntling_Guardian/Enemy_Gruntling_Guardian_Animation/ExoGame_Gruntling_React_Heavy_Front.uasset" 151
"../../../Jam/Content/Blueprints/Enemy/Enemy_Gruntling_Guardian/Enemy_Gruntling_Guardian_Animation/ExoGame_Gruntling_React_Knockback_Front.uasset" 152
"../../../Jam/Content/Blueprints/Enemy/Enemy_Gruntling_Guardian/Enemy_Gruntling_Guardian_Animation/ExoGame_Gruntling_React_Light_Front.uasset" 153
"../../../Jam/Content/Blueprints/Enemy/Enemy_Gruntling_Guardian/Enemy_Gruntling_Guardian_Animation/ExoGame_Gruntling_React_Light_Front_Alt.uasset" 154
"../../../Jam/Content/Blueprints/Enemy/Enemy_Gruntling_Guardian/Enemy_Gruntling_Guardian_Animation/ExoGame_Gruntling_React_Stunned_Enter.uasset" 155
"../../../Jam/Content/Blueprints/Enemy/Enemy_Gruntling_Guardian/Enemy_Gruntling_Guardian_Animation/ExoGame_Gruntling_React_Stunned_Exit.uasset" 156
"../../../Jam/Content/Blueprints/Enemy/Enemy_Gruntling_Guardian/Enemy_Gruntling_Guardian_Animation/ExoGame_Gruntling_React_Stunned_Idle.uasset" 157
"../../../Jam/Content/Blueprints/Enemy/Enemy_Gruntling_Guardian/Enemy_Gruntling_Guardian_Animation/ExoGame_Gruntling_Run.uasset" 158
"../../../Jam/Content/Blueprints/Enemy/Enemy_Gruntling_Guardian/Enemy_Gruntling_Guardian_Animation/ExoGame_Gruntling_Run_Bwd.uasset" 159
"../../../Jam/Content/Blueprints/Enemy/Enemy_Gruntling_Guardian/Enemy_Gruntling_Guardian_Animation/ExoGame_Gruntling_Walk.uasset" 160
"../../../Jam/Content/Blueprints/Enemy/Enemy_Gruntling_Guardian/Enemy_Gruntling_Guardian_Animation/ExoGame_Gruntling_Walk_Bwd.uasset" 161
"../../../Jam/Content/Blueprints/Enemy/Enemy_Gruntling_Guardian/Enemy_Gruntling_Guardian_Animation/ExoGame_Gruntling_Walk_Left.uasset" 162
"../../../Jam/Content/Blueprints/Enemy/Enemy_Gruntling_Guardian/Enemy_Gruntling_Guardian_Animation/ExoGame_Gruntling_Walk_Right.uasset" 163
"../../../Jam/Content/Blueprints/Enemy/Enemy_Gruntling_Guardian/Enemy_Gruntling_Guardian_Animation/ExoGame_Gruntling_Walk_Slow.uasset" 164
"../../../Jam/Content/Blueprints/Enemy/Enemy_Troll/Enemy_Troll_Poison_Animation/ExoGame_Troll_Aggro.uasset" 165
"../../../Jam/Content/Blueprints/Enemy/Enemy_Troll/Enemy_Troll_Poison_Animation/ExoGame_Troll_Attack_B.uasset" 166
"../../../Jam/Content/Blueprints/Enemy/Enemy_Troll/Enemy_Troll_Poison_Animation/ExoGame_Troll_Attack_C.uasset" 167
"../../../Jam/Content/Blueprints/Enemy/Enemy_Troll/Enemy_Troll_Poison_Animation/ExoGame_Troll_Attack_Charge.uasset" 168
"../../../Jam/Content/Blueprints/Enemy/Enemy_Troll/Enemy_Troll_Poison_Animation/ExoGame_Troll_Attack_HandSwipe.uasset" 169
"../../../Jam/Content/Blueprints/Enemy/Enemy_Troll/Enemy_Troll_Poison_Animation/ExoGame_Troll_Attack_Overhead.uasset" 170
"../../../Jam/Content/Blueprints/Enemy/Enemy_Troll/Enemy_Troll_Poison_Animation/ExoGame_Troll_Attack_Vomit.uasset" 171
"../../../Jam/Content/Blueprints/Enemy/Enemy_Troll/Enemy_Troll_Poison_Animation/ExoGame_Troll_Hit_React.uasset" 172
"../../../Jam/Content/Blueprints/Enemy/Enemy_Troll/Enemy_Troll_Poison_Animation/ExoGame_Troll_Idle_New.uasset" 173
"../../../Jam/Content/Blueprints/Enemy/Enemy_Troll/Enemy_Troll_Poison_Animation/ExoGame_Troll_Intro_Drop_Down.uasset" 174
"../../../Jam/Content/Blueprints/Enemy/Enemy_Troll/Enemy_Troll_Poison_Animation/ExoGame_Troll_Intro_Drop_Down_B.uasset" 175
"../../../Jam/Content/Blueprints/Enemy/Enemy_Troll/Enemy_Troll_Poison_Animation/ExoGame_Troll_Intro_Drop_Down_Cinematic.uasset" 176
"../../../Jam/Content/Blueprints/Enemy/Enemy_Troll/Enemy_Troll_Poison_Animation/ExoGame_Troll_React_Death.uasset" 177
"../../../Jam/Content/Blueprints/Enemy/Enemy_Troll/Enemy_Troll_Poison_Animation/ExoGame_Troll_React_Heavy_Front.uasset" 178
"../../../Jam/Content/Blueprints/Enemy/Enemy_Troll/Enemy_Troll_Poison_Animation/ExoGame_Troll_React_KnowckBack_Front.uasset" 179
"../../../Jam/Content/Blueprints/Enemy/Enemy_Troll/Enemy_Troll_Poison_Animation/ExoGame_Troll_React_Spawn_Climb.uasset" 180
"../../../Jam/Content/Blueprints/Enemy/Enemy_Troll/Enemy_Troll_Poison_Animation/ExoGame_Troll_React_Stunned.uasset" 181
"../../../Jam/Content/Blueprints/Enemy/Enemy_Troll/Enemy_Troll_Poison_Animation/ExoGame_Troll_React_Stunned_Enter.uasset" 182
"../../../Jam/Content/Blueprints/Enemy/Enemy_Troll/Enemy_Troll_Poison_Animation/ExoGame_Troll_React_Stunned_Exit.uasset" 183
"../../../Jam/Content/Blueprints/Enemy/Enemy_Troll/Enemy_Troll_Poison_Animation/ExoGame_Troll_React_Stunned_Idle.uasset" 184
"../../../Jam/Content/Blueprints/Enemy/Enemy_Troll/Enemy_Troll_Poison_Animation/ExoGame_Troll_Turn_Left.uasset" 185
"../../../Jam/Content/Blueprints/Enemy/Enemy_Troll/Enemy_Troll_Poison_Animation/ExoGame_Troll_Turn_Right.uasset" 186
"../../../Jam/Content/Blueprints/Enemy/Enemy_Troll/Enemy_Troll_Poison_Animation/ExoGame_Troll_Walk_Bwd_New.uasset" 187
"../../../Jam/Content/Blueprints/Enemy/Enemy_Troll/Enemy_Troll_Poison_Animation/ExoGame_Troll_Walk_Left.uasset" 188
"../../../Jam/Content/Blueprints/Enemy/Enemy_Troll/Enemy_Troll_Poison_Animation/ExoGame_Troll_Walk_Right.uasset" 189
"../../../Jam/Content/Blueprints/Enemy/Enemy_Troll/Textures/T_Troll_D.uasset" 190
"../../../Jam/Content/Blueprints/Enemy/Enemy_Troll/Textures/T_Troll_M.uasset" 191
"../../../Jam/Content/Blueprints/Enemy/Enemy_Troll/Materials/CharM_Troll.uasset" 192
"../../../Jam/Content/Blueprints/Enemy/Enemy_Troll/Textures/T_Troll_Helmet_N.uasset" 193
"../../../Jam/Content/Blueprints/Enemy/Enemy_Troll/Textures/T_Troll_Helmet_D.uasset" 194
"../../../Jam/Content/Blueprints/Enemy/Enemy_Troll/Textures/T_Troll_Helmet_M.uasset" 195
"../../../Jam/Content/Blueprints/Enemy/Enemy_Troll/Materials/CharM_Troll_Helmet.uasset" 196
"../../../Jam/Content/Blueprints/Enemy/Enemy_Troll/Meshes/Troll_Helmet_Internal.uasset" 197
"../../../Jam/Content/Geometry/Meshes/CubeMaterial.uasset" 198
"../../../Jam/Content/Geometry/Meshes/1M_Cube_Chamfer.uasset" 199
"../../../Jam/Content/Mannequin/Animations/ThirdPersonJump_End.uasset" 200
"../../../Jam/Content/Models/Animations/ThirdPersonJump_End.uasset" 201
"../../../Jam/Content/StarterContent/Materials/M_Basic_Wall.uasset" 202
"../../../Jam/Content/StarterContent/Architecture/Pillar_50x500.uasset" 203
"../../../Jam/Content/StarterContent/Architecture/Wall_400x300.uasset" 204
"../../../Jam/Content/StarterContent/Architecture/Wall_400x400.uasset" 205
"../../../Jam/Content/StarterContent/Architecture/Wall_500x500.uasset" 206
"../../../Jam/Content/StarterContent/Architecture/Wall_Door_400x400.uasset" 207
"../../../Jam/Content/StarterContent/Architecture/Wall_Window_400x400.uasset" 208
"../../../Jam/Content/StarterContent/Audio/Light01_Cue.uasset" 209
"../../../Jam/Content/StarterContent/Audio/Light02_Cue.uasset" 210
"../../../Jam/Content/StarterContent/Audio/Explosion_Cue.uasset" 211
"../../../Jam/Content/StarterContent/Textures/T_Burst_M.uasset" 212
"../../../Jam/Content/StarterContent/Particles/Materials/M_Burst.uasset" 213
"../../../Jam/Content/StarterContent/Textures/T_Explosion_SubUV.uasset" 214
"../../../Jam/Content/StarterContent/Particles/Materials/M_explosion_subUV.uasset" 215
"../../../Jam/Content/StarterContent/Particles/Materials/m_flare_01.uasset" 216
"../../../Engine/Content/Functions/Engine_MaterialFunctions01/Gradient/RadialGradient.uasset" 217
"../../../Jam/Content/StarterContent/Particles/Materials/M_radial_ramp.uasset" 218
"../../../Jam/Content/StarterContent/Textures/T_Smoke_SubUV.uasset" 219
"../../../Jam/Content/StarterContent/Textures/T_Smoke_Tiled_D.uasset" 220
"../../../Jam/Content/StarterContent/Particles/Materials/M_smoke_subUV.uasset" 221
"../../../Jam/Content/StarterContent/Particles/P_Explosion.uasset" 222
"../../../Jam/Content/StarterContent/Blueprints/Blueprint_Effect_Explosion.uasset" 223
"../../../Engine/Content/EditorMeshes/ColorCalibrator/T_ColorGrid.uasset" 224
"../../../Jam/Content/StarterContent/Materials/M_ColorGrid_LowSpec.uasset" 225
"../../../Jam/Content/StarterContent/Textures/T_Bush_D.uasset" 226
"../../../Jam/Content/StarterContent/Textures/T_Bush_N.uasset" 227
"../../../Jam/Content/StarterContent/Props/Materials/M_Bush.uasset" 228
"../../../Jam/Content/StarterContent/Props/SM_Bush.uasset" 229
"../../../Jam/Content/StarterContent/Textures/T_Chair_M.uasset" 230
"../../../Jam/Content/StarterContent/Textures/T_Chair_N.uasset" 231
"../../../Jam/Content/StarterContent/Props/Materials/M_Chair.uasset" 232
"../../../Jam/Content/StarterContent/Props/SM_Couch.uasset" 233
"../../../Jam/Content/StarterContent/Materials/M_Glass.uasset" 234
"../../../Jam/Content/StarterContent/Textures/T_Door_M.uasset" 235
"../../../Jam/Content/StarterContent/Textures/T_Door_N.uasset" 236
"../../../Jam/Content/StarterContent/Props/Materials/M_Door.uasset" 237
"../../../Jam/Content/StarterContent/Props/SM_Door.uasset" 238
"../../../Jam/Content/StarterContent/Props/Materials/M_MaterialSphere.uasset" 239
"../../../Jam/Content/StarterContent/Props/Materials/M_MaterialSphere_Plain.uasset" 240
"../../../Jam/Content/StarterContent/Props/SM_MatPreviewMesh_02.uasset" 241
"../../../Jam/Content/StarterContent/Textures/T_Detail_Rocky_N.uasset" 242
"../../../Jam/Content/StarterContent/Textures/T_Rock_Basalt_D.uasset" 243
"../../../Jam/Content/StarterContent/Textures/T_RockMesh_M.uasset" 244
"../../../Jam/Content/StarterContent/Textures/T_RockMesh_N.uasset" 245
"../../../Jam/Content/StarterContent/Props/Materials/M_Rock.uasset" 246
"../../../Jam/Content/StarterContent/Props/SM_Rock.uasset" 247
"../../../Jam/Content/StarterContent/Textures/T_Shelf_M.uasset" 248
"../../../Jam/Content/StarterContent/Textures/T_Shelf_N.uasset" 249
"../../../Jam/Content/StarterContent/Props/Materials/M_Shelf.uasset" 250
"../../../Jam/Content/StarterContent/Props/SM_Shelf.uasset" 251
"../../../Jam/Content/StarterContent/Materials/M_Basic_Floor.uasset" 252
"../../../Jam/Content/StarterContent/Props/SM_Stairs.uasset" 253
"../../../Jam/Content/StarterContent/Shapes/Shape_Cone.uasset" 254
"../../../Jam/Content/StarterContent/Shapes/Shape_Cylinder.uasset" 255
"../../../Jam/Content/StarterContent/Shapes/Shape_NarrowCapsule.uasset" 256
"../../../Jam/Content/StarterContent/Shapes/Shape_Pipe.uasset" 257
"../../../Jam/Content/StarterContent/Shapes/Shape_Pipe_180.uasset" 258
"../../../Jam/Content/StarterContent/Shapes/Shape_Pipe_90.uasset" 259
"../../../Jam/Content/StarterContent/Shapes/Shape_Plane.uasset" 260
"../../../Jam/Content/StarterContent/Shapes/Shape_Torus.uasset" 261
"../../../Jam/Content/StarterContent/Shapes/Shape_Trim.uasset" 262
"../../../Jam/Content/StarterContent/Shapes/Shape_Trim_90_In.uasset" 263
"../../../Jam/Content/StarterContent/Shapes/Shape_Trim_90_Out.uasset" 264
"../../../Jam/Content/StarterContent/Shapes/Shape_TriPyramid.uasset" 265
"../../../Jam/Content/StarterContent/Shapes/Shape_Tube.uasset" 266
"../../../Jam/Content/StarterContent/Shapes/Shape_Wedge_A.uasset" 267
"../../../Jam/Content/StarterContent/Shapes/Shape_Wedge_B.uasset" 268
"../../../Jam/Content/StarterContent/Shapes/Shape_WideCapsule.uasset" 269
"../../../Jam/Content/ThirdPerson/Meshes/RampMaterial.uasset" 270
"../../../Jam/Content/ThirdPerson/Meshes/Bump_StaticMesh.uasset" 271
"../../../Jam/Content/ThirdPerson/Meshes/LeftArm_StaticMesh.uasset" 272
"../../../Jam/Content/ThirdPerson/Meshes/Linear_Stair_StaticMesh.uasset" 273
"../../../Jam/Content/ThirdPerson/Meshes/Ramp_StaticMesh.uasset" 274
"../../../Jam/Content/ThirdPerson/Meshes/RightArm_StaticMesh.uasset" 275
"../../../Engine/Content/Functions/Engine_MaterialFunctions01/Opacity/CameraDepthFade.uasset" 276
"../../../Engine/Content/EngineMaterials/T_Default_Material_Grid_M.uasset" 277
"../../../Engine/Content/EngineMaterials/T_Default_Material_Grid_N.uasset" 278
"../../../Engine/Content/EngineMaterials/DefaultMaterial.uasset" 279
"../../../Engine/Content/BasicShapes/Cone.uasset" 280
"../../../Engine/Content/BasicShapes/Cylinder.uasset" 281
"../../../Engine/Content/EngineMaterials/WorldGridMaterial.uasset" 282
"../../../Engine/Content/BasicShapes/Plane.uasset" 283
"../../../Engine/Content/BasicShapes/Sphere.uasset" 284
"../../../Engine/Content/EditorLandscapeResources/DataLayer.uasset" 285
"../../../Engine/Content/EditorMaterials/GizmoMaterial.uasset" 286
"../../../Engine/Content/EditorMaterials/MAT_Groups_Toggle.uasset" 287
"../../../Engine/Content/EditorMaterials/MAT_Groups_Visibility.uasset" 288
"../../../Engine/Content/EditorMaterials/PreviewShadowIndicator.uasset" 289
"../../../Engine/Content/EditorMaterials/PreviewShadowIndicatorMaterial.uasset" 290
"../../../Engine/Content/EditorMaterials/AssetViewer/EpicQuadPanorama_CC+EV1.uasset" 291
"../../../Engine/Content/EditorMaterials/MatineeGroups/MAT_ColorTrack.uasset" 292
"../../../Engine/Content/EditorMaterials/MatineeGroups/MAT_Groups_Anim.uasset" 293
"../../../Engine/Content/EditorMaterials/MatineeGroups/MAT_Groups_AudioMaster.uasset" 294
"../../../Engine/Content/EditorMaterials/MatineeGroups/MAT_Groups_Director.uasset" 295
"../../../Engine/Content/EditorMaterials/MatineeGroups/MAT_Groups_Event.uasset" 296
"../../../Engine/Content/EditorMaterials/MatineeGroups/MAT_Groups_Fade.uasset" 297
"../../../Engine/Content/EditorMaterials/MatineeGroups/MAT_Groups_Float.uasset" 298
"../../../Engine/Content/EditorMaterials/MatineeGroups/MAT_Groups_Move.uasset" 299
"../../../Engine/Content/EditorMaterials/MatineeGroups/MAT_Groups_Slomo.uasset" 300
"../../../Engine/Content/EditorMaterials/MatineeGroups/MAT_Groups_Sound.uasset" 301
"../../../Engine/Content/EditorMaterials/MatineeGroups/MAT_Groups_Vector.uasset" 302
"../../../Engine/Content/EditorMaterials/ParticleSystems/PSysThumbnail_NoImage.uasset" 303
"../../../Engine/Content/EditorMaterials/ParticleSystems/PSysThumbnail_OOD.uasset" 304
"../../../Engine/Content/EditorMaterials/Camera/CineMat.uasset" 305
"../../../Engine/Content/EditorMaterials/Camera/MI_CineMat_Rig.uasset" 306
"../../../Engine/Content/EditorMeshes/Camera/SM_CraneRig_Arm.uasset" 307
"../../../Engine/Content/EditorMeshes/Camera/SM_CraneRig_Base.uasset" 308
"../../../Engine/Content/EditorMeshes/Camera/SM_CraneRig_Body.uasset" 309
"../../../Engine/Content/EditorMeshes/Camera/SM_CraneRig_Mount.uasset" 310
"../../../Engine/Content/EditorMeshes/Camera/SM_RailRig_Mount.uasset" 311
"../../../Engine/Content/EditorMeshes/Camera/SM_RailRig_Track.uasset" 312
"../../../Engine/Content/EditorResources/BSPVertex.uasset" 313
"../../../Engine/Content/EditorResources/EmptyActor.uasset" 314
"../../../Engine/Content/EditorResources/S_Actor.uasset" 315
"../../../Engine/Content/EditorResources/S_Trigger.uasset" 316
"../../../Engine/Content/EditorResources/AudioIcons/S_AudioComponent.uasset" 317
"../../../Engine/Content/EditorResources/AudioIcons/S_AudioComponent_AutoActivate.uasset" 318
"../../../Engine/Content/EditorResources/LightIcons/S_LightError.uasset" 319
"../../../Engine/Content/EditorResources/SequenceRecorder/Countdown.uasset" 320
"../../../Engine/Content/EditorResources/SequenceRecorder/RecordingIndicator.uasset" 321
"../../../Engine/Content/EditorSounds/Notifications/CompileFailed.uasset" 322
"../../../Engine/Content/EditorSounds/Notifications/CompileFailed_Cue.uasset" 323
"../../../Engine/Content/EditorSounds/Notifications/CompileSuccess.uasset" 324
"../../../Engine/Content/EditorSounds/Notifications/CompileStart_Cue.uasset" 325
"../../../Engine/Content/EditorSounds/Notifications/CompileSuccess_Cue.uasset" 326
"../../../Engine/Content/EngineDamageTypes/DmgTypeBP_Environmental.uasset" 327
"../../../Engine/Content/EngineDebugMaterials/HeatmapGradient.uasset" 328
"../../../Engine/Content/EngineDebugMaterials/BoneWeightMaterial.uasset" 329
"../../../Engine/Content/EngineDebugMaterials/ClothMaterial.uasset" 330
"../../../Engine/Content/EngineDebugMaterials/DebugMeshMaterial.uasset" 331
"../../../Engine/Content/EngineDebugMaterials/GeomMaterial.uasset" 332
"../../../Engine/Content/EngineFonts/Faces/RobotoBold.uasset" 333
"../../../Engine/Content/EngineFonts/Faces/RobotoBoldItalic.uasset" 334
"../../../Engine/Content/EngineFonts/Faces/RobotoItalic.uasset" 335
"../../../Engine/Content/EngineFonts/Faces/RobotoLight.uasset" 336
"../../../Engine/Content/EngineFonts/Faces/RobotoRegular.uasset" 337
"../../../Engine/Content/EngineFonts/Roboto.uasset" 338
"../../../Engine/Content/EngineFonts/Faces/RobotoTiny.uasset" 339
"../../../Engine/Content/EngineFonts/RobotoTiny.uasset" 340
"../../../Engine/Content/EngineMaterials/DefaultBloomKernel.uasset" 341
"../../../Engine/Content/EngineMaterials/DefaultBokeh.uasset" 342
"../../../Engine/Content/EngineMaterials/DefaultDiffuse.uasset" 343
"../../../Engine/Content/EngineMaterials/DefaultDeferredDecalMaterial.uasset" 344
"../../../Engine/Content/EngineMaterials/DefaultLightFunctionMaterial.uasset" 345
"../../../Engine/Content/EngineMaterials/DefaultPhysicalMaterial.uasset" 346
"../../../Engine/Content/Functions/Engine_MaterialFunctions02/Utility/BreakOutFloat2Components.uasset" 347
"../../../Engine/Content/EngineMaterials/DefaultPostProcessMaterial.uasset" 348
"../../../Engine/Content/EngineFonts/RobotoDistanceField.uasset" 349
"../../../Engine/Content/EngineMaterials/DefaultTextMaterialOpaque.uasset" 350
"../../../Engine/Content/EngineMaterials/DefaultWhiteGrid.uasset" 351
"../../../Engine/Content/EngineMaterials/EditorBrushMaterial.uasset" 352
"../../../Engine/Content/EngineMaterials/Good64x64TilingNoiseHighFreq.uasset" 353
"../../../Engine/Content/EngineMaterials/MiniFont.uasset" 354
"../../../Engine/Content/EngineMaterials/InvalidLightmapSettings.uasset" 355
"../../../Engine/Content/EngineMaterials/M_InvalidLightmapSettings.uasset" 356
"../../../Engine/Content/EngineMaterials/PhAT_JointLimitMaterial.uasset" 357
"../../../Engine/Content/EngineMaterials/PreintegratedSkinBRDF.uasset" 358
"../../../Engine/Content/EngineMaterials/RemoveSurfaceMaterial.uasset" 359
"../../../Engine/Content/EngineMaterials/WeightMapPlaceholderTexture.uasset" 360
"../../../Engine/Content/EngineResources/WhiteSquareTexture.uasset" 361
"../../../Engine/Content/EngineMaterials/Widget3DPassThrough.uasset" 362
"../../../Engine/Content/EngineMaterials/Widget3DPassThrough_Masked.uasset" 363
"../../../Engine/Content/EngineMaterials/Widget3DPassThrough_Opaque.uasset" 364
"../../../Engine/Content/EngineMaterials/Widget3DPassThrough_Masked_OneSided.uasset" 365
"../../../Engine/Content/EngineMaterials/Widget3DPassThrough_Opaque_OneSided.uasset" 366
"../../../Engine/Content/EngineMaterials/Widget3DPassThrough_Translucent.uasset" 367
"../../../Engine/Content/EngineMaterials/Widget3DPassThrough_Translucent_OneSided.uasset" 368
"../../../Engine/Content/EngineMeshes/Cube.uasset" 369
"../../../Engine/Content/EngineMeshes/Cylinder.uasset" 370
"../../../Engine/Content/EngineMeshes/Sphere.uasset" 371
"../../../Engine/Content/EngineResources/Black.uasset" 372
"../../../Engine/Content/EngineResources/DefaultTexture.uasset" 373
"../../../Engine/Content/EngineResources/DefaultTextureCube.uasset" 374
"../../../Engine/Content/EngineResources/GradientTexture0.uasset" 375
"../../../Engine/Content/EngineSounds/Master.uasset" 376
"../../../Engine/Content/Functions/Engine_MaterialFunctions01/Shading/ConvertFromDiffSpec.uasset" 377
"../../../Engine/Content/Functions/Engine_MaterialFunctions01/Shading/PowerToRoughness.uasset" 378
"../../../Engine/Content/Maps/Templates/Thumbnails/Default.uasset" 379
"../../../Engine/Content/Maps/Templates/Thumbnails/VR-Basic.uasset" 380
"../../../Engine/Content/MobileResources/T_MobileControls_texture.uasset" 381
"../../../Engine/Content/MobileResources/T_MobileMenu2.uasset" 382
"../../../Engine/Content/MobileResources/HUD/AnalogHat.uasset" 383
"../../../Engine/Content/MobileResources/HUD/VirtualJoystick_Background.uasset" 384
"../../../Engine/Content/MobileResources/HUD/VirtualJoystick_Thumb.uasset" 385
"../../../Engine/Content/MobileResources/HUD/DefaultVirtualJoysticks.uasset" 386
"../../../Engine/Content/MobileResources/HUD/LeftVirtualJoystickOnly.uasset" 387
"../../../Engine/Content/MobileResources/HUD/MobileHUDButton1_off.uasset" 388
"../../../Engine/Content/MobileResources/HUD/MobileHUDButton1_on.uasset" 389
"../../../Engine/Content/MobileResources/HUD/MobileHUDButton2_off.uasset" 390
"../../../Engine/Content/MobileResources/HUD/MobileHUDButton2_on.uasset" 391
"../../../Engine/Content/MobileResources/HUD/MobileHUDButton3.uasset" 392
"../../../Engine/Content/MobileResources/HUD/MobileHUDButtonFire.uasset" 393
"../../../Engine/Content/MobileResources/HUD/MobileHUDDirectionPad.uasset" 394
"../../../Engine/Content/MobileResources/HUD/MobileHUDDirectionPad2.uasset" 395
"../../../Engine/Content/MobileResources/HUD/MobileHUDDirectionPad3.uasset" 396
"../../../Engine/Content/MobileResources/HUD/MobileHUDDirectionStick.uasset" 397
"../../../Engine/Content/MobileResources/HUD/T_Castle_ThumbstickInner.uasset" 398
"../../../Engine/Content/MobileResources/HUD/T_Castle_ThumbstickOutter.uasset" 399
"../../../Engine/Content/Tutorial/ContentIntroCurve.uasset" 400
"../../../Engine/Content/Tutorial/Basics/TutorialAssets/icon_tab_Levels_40x.uasset" 401
"../../../Engine/Content/Tutorial/BlueprintTutorials/TutorialAssets/BlueprintInterface_64x.uasset" 402
"../../../Engine/Content/Tutorial/BlueprintTutorials/TutorialAssets/BlueprintMacroLibrary_64x.uasset" 403
"../../../Engine/Content/Tutorial/BlueprintTutorials/TutorialAssets/Blueprint_64x.uasset" 404
"../../../Engine/Content/Tutorial/BlueprintTutorials/TutorialAssets/Tutorial_BP_Interface.uasset" 405
"../../../Engine/Content/Tutorial/Foliage/TutorialAssets/Foliage.uasset" 406
"../../../Engine/Content/Tutorial/Landscape/TutorialAssets/Landscape.uasset" 407
"../../../Engine/Content/Tutorial/Paper2D/TutorialAssets/Paper2DFlipbook_TutorialIcon.uasset" 408
"../../../Engine/Content/Tutorial/Paper2D/TutorialAssets/Paper2DSprite_TutorialIcon.uasset" 409
"../../../Engine/Content/Tutorial/SubEditors/TutorialAssets/icon_Editor_Preferences_General_40x.uasset" 410
"../../../Engine/Content/Tutorial/SubEditors/TutorialAssets/icon_ShowSkeletalMeshes_40x.uasset" 411
"../../../Engine/Content/Tutorial/SubEditors/TutorialAssets/TutorialMaterial.uasset" 412
"../../../Engine/Content/Tutorial/SubEditors/TutorialAssets/T_SmokeSubUV_8X8.uasset" 413
"../../../Engine/Content/Tutorial/SubEditors/TutorialAssets/T_soft_smoke.uasset" 414
"../../../Engine/Content/Tutorial/SubEditors/TutorialAssets/M_smoke_subUV_blackbody.uasset" 415
"../../../Engine/Content/Tutorial/SubEditors/TutorialAssets/TutorialParticleSystem.uasset" 416
"../../../Engine/Content/EditorMeshes/EditorCube.uasset" 417
"../../../Engine/Content/Tutorial/SubEditors/TutorialAssets/Tutorial_DM.uasset" 418
"../../../Engine/Content/VREditor/Devices/Generic/GenericHMDMaterial.uasset" 419
"../../../Engine/Content/VREditor/Devices/Generic/GenericHMD.uasset" 420
"../../../Engine/Content/VREditor/FloatingText/LineMaterial.uasset" 421
"../../../Engine/Content/VREditor/FloatingText/JointSphere.uasset" 422
"../../../Engine/Content/VREditor/FloatingText/LineSegmentCylinder.uasset" 423
"../../../Engine/Content/VREditor/Fonts/VRText_RobotoLarge.uasset" 424
"../../../Engine/Content/VREditor/Fonts/VRTextMaterial.uasset" 425
"../../../Engine/Content/VREditor/Fonts/TranslucentVRTextMaterial.uasset" 426
"../../../Engine/Content/VREditor/LaserPointer/VR_LaserPower_01.uasset" 427
"../../../Engine/Content/VREditor/TransformGizmo/TransformGizmoMaterial.uasset" 428
"../../../Engine/Content/VREditor/LaserPointer/HoverMaterial.uasset" 429
"../../../Engine/Content/VREditor/TransformGizmo/TranslucentTransformGizmoMaterial.uasset" 430
"../../../Engine/Content/VREditor/LaserPointer/TranslucentHoverMaterial.uasset" 431
"../../../Engine/Content/VREditor/LaserPointer/HoverMesh.uasset" 432
"../../../Engine/Content/VREditor/LaserPointer/LaserPointerMaterial.uasset" 433
"../../../Engine/Content/VREditor/LaserPointer/LaserPointerMaterialInst.uasset" 434
"../../../Engine/Content/VREditor/LaserPointer/TranslucentLaserPointerMaterialInst.uasset" 435
"../../../Engine/Content/VREditor/LaserPointer/LaserPointerMesh.uasset" 436
"../../../Engine/Content/VREditor/LaserPointer/LaserPointerMesh_End.uasset" 437
"../../../Engine/Content/VREditor/LaserPointer/LaserPointerMesh_Start.uasset" 438
"../../../Engine/Content/Functions/Engine_MaterialFunctions02/Utility/BreakOutFloat3Components.uasset" 439
"../../../Engine/Content/Functions/Engine_MaterialFunctions02/Math/Transform3x3Matrix.uasset" 440
"../../../Engine/Content/Functions/Engine_MaterialFunctions02/SplitComponents.uasset" 441
"../../../Engine/Content/Functions/Engine_MaterialFunctions02/Utility/MakeFloat3.uasset" 442
"../../../Engine/Content/VREditor/SnapGrid/SnapGridMaterial.uasset" 443
"../../../Engine/Content/VREditor/SnapGrid/SnapGridPlaneMesh.uasset" 444
"../../../Engine/Content/VREditor/Sounds/VR_teleport_Cue.uasset" 445
"../../../Engine/Content/VREditor/Sounds/UI/Click_on_Button_Cue.uasset" 446
"../../../Engine/Content/VREditor/Sounds/UI/Dockable_Window_Close.uasset" 447
"../../../Engine/Content/VREditor/Sounds/UI/Dockable_Window_Drop.uasset" 448
"../../../Engine/Content/VREditor/Sounds/UI/Dockable_Window_Open.uasset" 449
"../../../Engine/Content/VREditor/Sounds/UI/Dockable_Window_Pick_Up.uasset" 450
"../../../Engine/Content/VREditor/Sounds/UI/Drop_Item_From_ContentBrowser.uasset" 451
"../../../Engine/Content/VREditor/Sounds/UI/Floating_UI_Open-001.uasset" 452
"../../../Engine/Content/VREditor/Sounds/UI/Gizmo_Handle_Clicked.uasset" 453
"../../../Engine/Content/VREditor/Sounds/UI/Object_PickUp.uasset" 454
"../../../Engine/Content/VREditor/Sounds/UI/Object_Snaps_To_Another_Actor.uasset" 455
"../../../Engine/Content/VREditor/Sounds/UI/Object_Snaps_To_Grid.uasset" 456
"../../../Engine/Content/VREditor/Sounds/UI/Radial_Menu_FadeOut.uasset" 457
"../../../Engine/Content/VREditor/Sounds/UI/Scaling_Down.uasset" 458
"../../../Engine/Content/VREditor/Sounds/UI/Scaling_Up.uasset" 459
"../../../Engine/Content/VREditor/Sounds/UI/Selection_Changes.uasset" 460
"../../../Engine/Content/VREditor/Sounds/UI/Teleport_Mode_Entered.uasset" 461
"../../../Engine/Content/VREditor/Teleport/TeleportDirectionMaterial.uasset" 462
"../../../Engine/Content/VREditor/Teleport/TeleportDirectionMaterial_Inst.uasset" 463
"../../../Engine/Content/VREditor/Teleport/TeleportDirectionMesh.uasset" 464
"../../../Engine/Content/VREditor/TransformGizmo/BoundingBoxCorner.uasset" 465
"../../../Engine/Content/VREditor/TransformGizmo/BoundingBoxEdge.uasset" 466
"../../../Engine/Content/VREditor/TransformGizmo/PlaneTranslationHandle.uasset" 467
"../../../Engine/Content/VREditor/TransformGizmo/RotationHandle.uasset" 468
"../../../Engine/Content/VREditor/TransformGizmo/RotationHandleFull.uasset" 469
"../../../Engine/Content/VREditor/TransformGizmo/RotationHandleIndicator.uasset" 470
"../../../Engine/Content/VREditor/TransformGizmo/RotationHandleQuarter.uasset" 471
"../../../Engine/Content/VREditor/TransformGizmo/Main.uasset" 472
"../../../Engine/Content/VREditor/TransformGizmo/Xray.uasset" 473
"../../../Engine/Content/VREditor/TransformGizmo/SM_Dialog_Close.uasset" 474
"../../../Engine/Content/VREditor/TransformGizmo/SM_Dialog_Move.uasset" 475
"../../../Engine/Content/VREditor/TransformGizmo/SM_Sequencer_Key.uasset" 476
"../../../Engine/Content/VREditor/TransformGizmo/StartRotationHandleIndicator.uasset" 477
"../../../Engine/Content/VREditor/TransformGizmo/TransformGizmoMaterial_Inst.uasset" 478
"../../../Engine/Content/VREditor/TransformGizmo/TranslateArrowHandle.uasset" 479
"../../../Engine/Content/VREditor/TransformGizmo/TranslationHandle.uasset" 480
"../../../Engine/Content/VREditor/TransformGizmo/TranslucentTransformGizmoMaterial_Inst.uasset" 481
"../../../Engine/Content/VREditor/TransformGizmo/UniformScaleHandle.uasset" 482
"../../../Engine/Content/VREditor/UI/KeyDiskMaterial.uasset" 483
"../../../Engine/Content/VREditor/UI/DiscMaterial.uasset" 484
"../../../Engine/Content/VREditor/UI/SM_Radial_Disk.uasset" 485
"../../../Engine/Content/VREditor/WorldMovementGrid/SimpleGrid.uasset" 486
"../../../Engine/Content/VREditor/WorldMovementGrid/GridMaterial.uasset" 487
"../../../Engine/Content/Functions/Engine_MaterialFunctions01/Density/ExponentialDensity.uasset" 488
"../../../Engine/Content/VREditor/WorldMovementGrid/GridPostProcess.uasset" 489
"../../../Engine/Content/EditorLandscapeResources/FlattenHeightMat.uasset" 490
"../../../Engine/Content/VREditor/WorldMovementGrid/PlaneMesh.uasset" 491
"../../../Engine/Plugins/2D/Paper2D/Content/DummySprite.uasset" 492
"../../../Engine/Plugins/2D/Paper2D/Content/DefaultPaperTerrainMaterial.uasset" 493
"../../../Engine/Plugins/2D/Paper2D/Content/DefaultSpriteMaterial.uasset" 494
"../../../Engine/Plugins/2D/Paper2D/Content/MaskedUnlitSpriteMaterial.uasset" 495
"../../../Engine/Plugins/2D/Paper2D/Content/OpaqueUnlitSpriteMaterial.uasset" 496
"../../../Engine/Plugins/2D/Paper2D/Content/PlaceholderTextures/DummySpriteTexture.uasset" 497
"../../../Engine/Plugins/Runtime/GearVR/Content/Textures/GearVRController_AO.uasset" 498
"../../../Engine/Plugins/Runtime/GearVR/Content/Textures/GearVRController_Color.uasset" 499
"../../../Engine/Plugins/Runtime/GearVR/Content/Textures/GearVRController_Normal.uasset" 500
"../../../Engine/Plugins/Runtime/GearVR/Content/Materials/GearVRControllerMaterial.uasset" 501
"../../../Engine/Plugins/Runtime/GearVR/Content/Meshes/GearVrController.uasset" 502
"../../../Jam/Content/StarterContent/Blueprints/Assets/FogBrightnessLUT.uasset" 503
"../../../Jam/Content/StarterContent/Blueprints/Assets/SunlightColorLUT.uasset" 504
"../../../Jam/Content/StarterContent/Blueprints/Assets/M_LightStage_Arrows.uasset" 505
"../../../Engine/Content/MapTemplates/Sky/DaylightAmbientCubemap.uasset" 506
"../../../Jam/Content/StarterContent/Blueprints/Assets/M_LightStage_Skybox_Master.uasset" 507
"../../../Jam/Content/StarterContent/Blueprints/Assets/M_LightStage_Skybox_Black.uasset" 508
"../../../Jam/Content/StarterContent/Blueprints/Assets/M_LightStage_Skybox_HDRI.uasset" 509
"../../../Engine/Content/EditorMaterials/Thumbnails/SkySphereMaterial.uasset" 510
"../../../Jam/Content/StarterContent/Blueprints/Assets/Skybox.uasset" 511
"../../../Jam/Content/StarterContent/Blueprints/Assets/SM_Arrows.uasset" 512
"../../../Jam/Content/StarterContent/HDRI/HDRI_Epic_Courtyard_Daylight.uasset" 513
"../../../Jam/Content/StarterContent/Blueprints/BP_LightStudio.uasset" 514
"../../../Jam/Content/StarterContent/Maps/Advanced_Lighting_BuiltData.uasset" 515
"../../../Jam/Content/StarterContent/Materials/M_AssetPlatform.uasset" 516
"../../../Engine/Content/EditorMeshes/ColorCalibrator/M_ChromeBall.uasset" 517
"../../../Engine/Content/EditorMeshes/ColorCalibrator/M_ClearCoat.uasset" 518
"../../../Engine/Content/EditorMeshes/ColorCalibrator/M_ClearCoatBlack.uasset" 519
"../../../Engine/Content/EditorMeshes/ColorCalibrator/M_ColorGrid.uasset" 520
"../../../Engine/Content/EditorMeshes/ColorCalibrator/M_GreyBall.uasset" 521
"../../../Engine/Content/EditorMeshes/ColorCalibrator/SM_ColorCalibrator.uasset" 522
"../../../Jam/Content/StarterContent/Architecture/SM_AssetPlatform.uasset" 523
"../../../Jam/Content/StarterContent/Maps/Advanced_Lighting.umap" 524
"../../../Engine/Content/EngineSky/C_Sky_Cloud_Color.uasset" 525
"../../../Engine/Content/EngineSky/C_Sky_Horizon_Color.uasset" 526
"../../../Engine/Content/EngineSky/C_Sky_Zenith_Color.uasset" 527
"../../../Engine/Content/EngineSky/T_Sky_Blue.uasset" 528
"../../../Engine/Content/EngineSky/T_Sky_Clouds_M.uasset" 529
"../../../Engine/Content/EngineSky/T_Sky_Stars.uasset" 530
"../../../Engine/Content/EngineSky/M_Sky_Panning_Clouds2.uasset" 531
"../../../Engine/Content/EngineSky/SM_SkySphere.uasset" 532
"../../../Engine/Content/EngineSky/BP_Sky_Sphere.uasset" 533
"../../../Jam/Content/StarterContent/Maps/Minimal_Default_BuiltData.uasset" 534
"../../../Jam/Content/StarterContent/Textures/T_MacroVariation.uasset" 535
"../../../Jam/Content/StarterContent/Materials/M_Metal_Brushed_Nickel.uasset" 536
"../../../Jam/Content/StarterContent/Textures/T_Metal_Aluminum_D.uasset" 537
"../../../Jam/Content/StarterContent/Textures/T_Metal_Gold_N.uasset" 538
"../../../Jam/Content/StarterContent/Materials/M_Metal_Burnished_Steel.uasset" 539
"../../../Jam/Content/StarterContent/Textures/T_Metal_Copper_D.uasset" 540
"../../../Jam/Content/StarterContent/Materials/M_Metal_Copper.uasset" 541
"../../../Jam/Content/StarterContent/Textures/T_Statue_M.uasset" 542
"../../../Jam/Content/StarterContent/Textures/T_Statue_N.uasset" 543
"../../../Jam/Content/StarterContent/Props/Materials/M_StatueGlass.uasset" 544
"../../../Jam/Content/StarterContent/Architecture/Floor_400x400.uasset" 545
"../../../Jam/Content/StarterContent/Audio/Starter_Background_Cue.uasset" 546
"../../../Jam/Content/StarterContent/Props/SM_Chair.uasset" 547
"../../../Jam/Content/StarterContent/Props/Materials/M_Statue.uasset" 548
"../../../Jam/Content/StarterContent/Props/SM_Statue.uasset" 549
"../../../Jam/Content/StarterContent/Textures/T_TableRound_M.uasset" 550
"../../../Jam/Content/StarterContent/Textures/T_TableRound_N.uasset" 551
"../../../Jam/Content/StarterContent/Props/Materials/M_TableRound.uasset" 552
"../../../Jam/Content/StarterContent/Props/SM_TableRound.uasset" 553
"../../../Jam/Content/StarterContent/Maps/Minimal_Default.umap" 554
"../../../Jam/Content/StarterContent/Audio/Fire01_Cue.uasset" 555
"../../../Jam/Content/StarterContent/Textures/T_Fire_SubUV.uasset" 556
"../../../Jam/Content/StarterContent/Textures/T_Fire_Tiled_D.uasset" 557
"../../../Jam/Content/StarterContent/Particles/Materials/M_Fire_SubUV.uasset" 558
"../../../Jam/Content/StarterContent/Textures/T_Water_N.uasset" 559
"../../../Jam/Content/StarterContent/Particles/Materials/M_Heat_Distortion.uasset" 560
"../../../Jam/Content/StarterContent/Particles/Materials/M_Radial_Gradient.uasset" 561
"../../../Jam/Content/StarterContent/Particles/P_Fire.uasset" 562
"../../../Jam/Content/StarterContent/Blueprints/Blueprint_Effect_Fire.uasset" 563
"../../../Jam/Content/StarterContent/Audio/Smoke01_Cue.uasset" 564
"../../../Jam/Content/StarterContent/Particles/P_Smoke.uasset" 565
"../../../Jam/Content/StarterContent/Blueprints/Blueprint_Effect_Smoke.uasset" 566
"../../../Jam/Content/StarterContent/Audio/Fire_Sparks01_Cue.uasset" 567
"../../../Jam/Content/StarterContent/Textures/T_Spark_Core.uasset" 568
"../../../Jam/Content/StarterContent/Particles/Materials/M_Spark.uasset" 569
"../../../Jam/Content/StarterContent/Particles/P_Sparks.uasset" 570
"../../../Jam/Content/StarterContent/Blueprints/Blueprint_Effect_Sparks.uasset" 571
"../../../Jam/Content/StarterContent/Audio/Steam01_Cue.uasset" 572
"../../../Jam/Content/StarterContent/Particles/P_Steam_Lit.uasset" 573
"../../../Jam/Content/StarterContent/Blueprints/Blueprint_Effect_Steam.uasset" 574
"../../../Jam/Content/StarterContent/Textures/T_Lamp_M.uasset" 575
"../../../Jam/Content/StarterContent/Textures/T_Lamp_N.uasset" 576
"../../../Jam/Content/StarterContent/Props/Materials/M_Lamp.uasset" 577
"../../../Jam/Content/StarterContent/Props/SM_Lamp_Ceiling.uasset" 578
"../../../Jam/Content/StarterContent/Blueprints/Blueprint_CeilingLight.uasset" 579
"../../../Jam/Content/StarterContent/Props/SM_Lamp_Wall.uasset" 580
"../../../Jam/Content/StarterContent/Blueprints/Blueprint_WallSconce.uasset" 581
"../../../Jam/Content/StarterContent/Maps/StarterMap_BuiltData.uasset" 582
"../../../Engine/Content/Functions/Engine_MaterialFunctions03/Procedurals/ComputeFilterWidth.uasset" 583
"../../../Engine/Content/EngineMaterials/AntiAliasedTextMaterialTranslucent.uasset" 584
"../../../Jam/Content/StarterContent/Textures/T_Brick_Clay_Beveled_D.uasset" 585
"../../../Jam/Content/StarterContent/Textures/T_Brick_Clay_Beveled_M.uasset" 586
"../../../Jam/Content/StarterContent/Textures/T_Brick_Clay_Beveled_N.uasset" 587
"../../../Jam/Content/StarterContent/Materials/M_Brick_Clay_Beveled.uasset" 588
"../../../Jam/Content/StarterContent/Textures/T_Brick_Clay_New_D.uasset" 589
"../../../Jam/Content/StarterContent/Textures/T_Brick_Clay_New_M.uasset" 590
"../../../Jam/Content/StarterContent/Textures/T_Brick_Clay_New_N.uasset" 591
"../../../Jam/Content/StarterContent/Materials/M_Brick_Clay_New.uasset" 592
"../../../Jam/Content/StarterContent/Textures/T_Brick_Clay_Old_D.uasset" 593
"../../../Jam/Content/StarterContent/Textures/T_Brick_Clay_Old_N.uasset" 594
"../../../Jam/Content/StarterContent/Textures/T_Perlin_Noise_M.uasset" 595
"../../../Jam/Content/StarterContent/Materials/M_Brick_Clay_Old.uasset" 596
"../../../Jam/Content/StarterContent/Textures/T_Brick_Cut_Stone_D.uasset" 597
"../../../Jam/Content/StarterContent/Textures/T_Brick_Cut_Stone_N.uasset" 598
"../../../Jam/Content/StarterContent/Materials/M_Brick_Cut_Stone.uasset" 599
"../../../Jam/Content/StarterContent/Textures/T_Brick_Hewn_Stone_D.uasset" 600
"../../../Jam/Content/StarterContent/Textures/T_Brick_Hewn_Stone_M.uasset" 601
"../../../Jam/Content/StarterContent/Textures/T_Brick_Hewn_Stone_N.uasset" 602
"../../../Jam/Content/StarterContent/Materials/M_Brick_Hewn_Stone.uasset" 603
"../../../Jam/Content/StarterContent/Textures/T_Ceramic_Tile_M.uasset" 604
"../../../Jam/Content/StarterContent/Textures/T_Ceramic_Tile_N.uasset" 605
"../../../Jam/Content/StarterContent/Textures/T_Rock_Marble_Polished_D.uasset" 606
"../../../Jam/Content/StarterContent/Materials/M_Ceramic_Tile_Checker.uasset" 607
"../../../Jam/Content/StarterContent/Textures/T_CobbleStone_Pebble_D.uasset" 608
"../../../Jam/Content/StarterContent/Textures/T_CobbleStone_Pebble_M.uasset" 609
"../../../Jam/Content/StarterContent/Textures/T_CobbleStone_Pebble_N.uasset" 610
"../../../Jam/Content/StarterContent/Materials/M_CobbleStone_Pebble.uasset" 611
"../../../Jam/Content/StarterContent/Textures/T_CobbleStone_Rough_D.uasset" 612
"../../../Jam/Content/StarterContent/Textures/T_CobbleStone_Rough_N.uasset" 613
"../../../Jam/Content/StarterContent/Textures/T_Gradinet_01.uasset" 614
"../../../Jam/Content/StarterContent/Textures/T_Rock_Smooth_Granite_D.uasset" 615
"../../../Jam/Content/StarterContent/Materials/M_CobbleStone_Rough.uasset" 616
"../../../Jam/Content/StarterContent/Textures/T_CobbleStone_Smooth_D.uasset" 617
"../../../Jam/Content/StarterContent/Textures/T_CobbleStone_Smooth_M.uasset" 618
"../../../Jam/Content/StarterContent/Textures/T_CobbleStone_Smooth_N.uasset" 619
"../../../Jam/Content/StarterContent/Materials/M_CobbleStone_Smooth.uasset" 620
"../../../Jam/Content/StarterContent/Textures/T_Concrete_Grime_D.uasset" 621
"../../../Jam/Content/StarterContent/Textures/T_Metal_Rust_N.uasset" 622
"../../../Jam/Content/StarterContent/Materials/M_Concrete_Grime.uasset" 623
"../../../Jam/Content/StarterContent/Textures/T_Concrete_Panels_D.uasset" 624
"../../../Jam/Content/StarterContent/Textures/T_Concrete_Panels_N.uasset" 625
"../../../Jam/Content/StarterContent/Materials/M_Concrete_Panels.uasset" 626
"../../../Jam/Content/StarterContent/Textures/T_Concrete_Poured_D.uasset" 627
"../../../Jam/Content/StarterContent/Textures/T_Concrete_Poured_N.uasset" 628
"../../../Jam/Content/StarterContent/Materials/M_Concrete_Poured.uasset" 629
"../../../Jam/Content/StarterContent/Textures/T_Concrete_Tiles_D.uasset" 630
"../../../Jam/Content/StarterContent/Textures/T_Concrete_Tiles_M.uasset" 631
"../../../Jam/Content/StarterContent/Textures/T_Concrete_Tiles_N.uasset" 632
"../../../Jam/Content/StarterContent/Textures/T_Concrete_Tiles_Variation_M.uasset" 633
"../../../Jam/Content/StarterContent/Materials/M_Concrete_Tiles.uasset" 634
"../../../Jam/Content/StarterContent/Textures/T_Ground_Grass_D.uasset" 635
"../../../Jam/Content/StarterContent/Textures/T_Ground_Grass_N.uasset" 636
"../../../Jam/Content/StarterContent/Materials/M_Ground_Grass.uasset" 637
"../../../Jam/Content/StarterContent/Textures/T_Ground_Gravel_D.uasset" 638
"../../../Jam/Content/StarterContent/Textures/T_Ground_Gravel_N.uasset" 639
"../../../Jam/Content/StarterContent/Materials/M_Ground_Gravel.uasset" 640
"../../../Jam/Content/StarterContent/Textures/T_ground_Moss_D.uasset" 641
"../../../Jam/Content/StarterContent/Textures/T_Ground_Moss_N.uasset" 642
"../../../Jam/Content/StarterContent/Materials/M_Ground_Moss.uasset" 643
"../../../Jam/Content/StarterContent/Materials/M_Metal_Chrome.uasset" 644
"../../../Jam/Content/StarterContent/Textures/T_Metal_Gold_D.uasset" 645
"../../../Jam/Content/StarterContent/Materials/M_Metal_Gold.uasset" 646
"../../../Jam/Content/StarterContent/Textures/T_Metal_Rust_D.uasset" 647
"../../../Jam/Content/StarterContent/Materials/M_Metal_Rust.uasset" 648
"../../../Jam/Content/StarterContent/Textures/T_Metal_Steel_D.uasset" 649
"../../../Jam/Content/StarterContent/Textures/T_Metal_Steel_N.uasset" 650
"../../../Jam/Content/StarterContent/Materials/M_Metal_Steel.uasset" 651
"../../../Jam/Content/StarterContent/Textures/T_Rock_Basalt_N.uasset" 652
"../../../Jam/Content/StarterContent/Materials/M_Rock_Basalt.uasset" 653
"../../../Jam/Content/StarterContent/Materials/M_Rock_Marble_Polished.uasset" 654
"../../../Jam/Content/StarterContent/Textures/T_Rock_Sandstone_D.uasset" 655
"../../../Jam/Content/StarterContent/Textures/T_Rock_Sandstone_N.uasset" 656
"../../../Jam/Content/StarterContent/Materials/M_Rock_Sandstone.uasset" 657
"../../../Jam/Content/StarterContent/Textures/T_Rock_Slate_D.uasset" 658
"../../../Jam/Content/StarterContent/Textures/T_Rock_Slate_N.uasset" 659
"../../../Jam/Content/StarterContent/Materials/M_Rock_Slate.uasset" 660
"../../../Jam/Content/StarterContent/Textures/T_Checker_Noise_M.uasset" 661
"../../../Jam/Content/StarterContent/Textures/T_Single_Tile_N.uasset" 662
"../../../Jam/Content/StarterContent/Textures/T_Tech_Dot_M.uasset" 663
"../../../Jam/Content/StarterContent/Textures/T_Tech_Dot_N.uasset" 664
"../../../Jam/Content/StarterContent/Materials/M_Tech_Checker_Dot.uasset" 665
"../../../Jam/Content/StarterContent/Textures/T_Tech_Hex_Tile_M.uasset" 666
"../../../Jam/Content/StarterContent/Textures/T_Tech_Hex_Tile_N.uasset" 667
"../../../Jam/Content/StarterContent/Materials/M_Tech_Hex_Tile.uasset" 668
"../../../Jam/Content/StarterContent/Materials/M_Tech_Hex_Tile_Pulse.uasset" 669
"../../../Jam/Content/StarterContent/Textures/T_Tech_Panel_M.uasset" 670
"../../../Jam/Content/StarterContent/Textures/T_Tech_Panel_N.uasset" 671
"../../../Jam/Content/StarterContent/Materials/M_Tech_Panel.uasset" 672
"../../../Jam/Content/StarterContent/Materials/M_Water_Lake.uasset" 673
"../../../Jam/Content/StarterContent/Textures/T_Water_M.uasset" 674
"../../../Jam/Content/StarterContent/Materials/M_Water_Ocean.uasset" 675
"../../../Jam/Content/StarterContent/Textures/T_Wood_Floor_Walnut_D.uasset" 676
"../../../Jam/Content/StarterContent/Textures/T_Wood_Floor_Walnut_M.uasset" 677
"../../../Jam/Content/StarterContent/Textures/T_Wood_Floor_Walnut_N.uasset" 678
"../../../Jam/Content/StarterContent/Materials/M_Wood_Floor_Walnut_Polished.uasset" 679
"../../../Engine/Content/Functions/Engine_MaterialFunctions01/Opacity/AlphaOffset.uasset" 680
"../../../Jam/Content/StarterContent/Materials/M_Wood_Floor_Walnut_Worn.uasset" 681
"../../../Jam/Content/StarterContent/Textures/T_Wood_Oak_D.uasset" 682
"../../../Jam/Content/StarterContent/Textures/T_Wood_Oak_N.uasset" 683
"../../../Jam/Content/StarterContent/Materials/M_Wood_Oak.uasset" 684
"../../../Jam/Content/StarterContent/Textures/T_Wood_Pine_D.uasset" 685
"../../../Jam/Content/StarterContent/Textures/T_Wood_Pine_N.uasset" 686
"../../../Jam/Content/StarterContent/Materials/M_Wood_Pine.uasset" 687
"../../../Jam/Content/StarterContent/Textures/T_Wood_Walnut_D.uasset" 688
"../../../Jam/Content/StarterContent/Textures/T_Wood_Walnut_N.uasset" 689
"../../../Jam/Content/StarterContent/Materials/M_Wood_Walnut.uasset" 690
"../../../Jam/Content/StarterContent/Architecture/Wall_400x200.uasset" 691
"../../../Jam/Content/StarterContent/Architecture/Wall_Door_400x300.uasset" 692
"../../../Jam/Content/StarterContent/Architecture/Wall_Window_400x300.uasset" 693
"../../../Jam/Content/StarterContent/Audio/Collapse_Cue.uasset" 694
"../../../Jam/Content/StarterContent/Audio/Starter_Music_Cue.uasset" 695
"../../../Jam/Content/StarterContent/Textures/T_Dust_Particle_D.uasset" 696
"../../../Jam/Content/StarterContent/Particles/Materials/M_Dust_Particle.uasset" 697
"../../../Jam/Content/StarterContent/Particles/P_Ambient_Dust.uasset" 698
"../../../Jam/Content/StarterContent/Props/MaterialSphere.uasset" 699
"../../../Jam/Content/StarterContent/Textures/T_Frame_M.uasset" 700
"../../../Jam/Content/StarterContent/Textures/T_Frame_N.uasset" 701
"../../../Jam/Content/StarterContent/Props/Materials/M_Frame.uasset" 702
"../../../Jam/Content/StarterContent/Props/SM_CornerFrame.uasset" 703
"../../../Jam/Content/StarterContent/Props/SM_DoorFrame.uasset" 704
"../../../Jam/Content/StarterContent/Props/SM_GlassWindow.uasset" 705
"../../../Jam/Content/StarterContent/Props/SM_PillarFrame.uasset" 706
"../../../Jam/Content/StarterContent/Props/SM_PillarFrame300.uasset" 707
"../../../Jam/Content/StarterContent/Props/SM_WindowFrame.uasset" 708
"../../../Jam/Content/StarterContent/Shapes/Shape_Cube.uasset" 709
"../../../Jam/Content/StarterContent/Shapes/Shape_QuadPyramid.uasset" 710
"../../../Jam/Content/StarterContent/Shapes/Shape_Sphere.uasset" 711
"../../../Jam/Content/StarterContent/Maps/StarterMap.umap" 712
"../../../Jam/Content/Blueprints/Enemy/Enemy_Gruntling/Enemy_Gruntling_Animation/ExoGame_Gruntling_Run.uasset" 713
"../../../Jam/Content/Blueprints/Enemy/Enemy_Gruntling/LittleGuyAnimBP.uasset" 714
"../../../Jam/Content/Blueprints/Enemy/Enemy_Troll/littleguy.uasset" 715
"../../../Jam/Content/FailCube.uasset" 716
"../../../Jam/Content/FailCube_DM.uasset" 717
"../../../Engine/Content/BasicShapes/BasicShapeMaterial.uasset" 718
"../../../Jam/Content/Failbox.uasset" 719
"../../../Engine/Content/BasicShapes/Cube.uasset" 720
"../../../Jam/Content/Infobox.uasset" 721
"../../../Jam/Content/MovingPlatform.uasset" 722
"../../../Jam/Content/RegularBox.uasset" 723
"../../../Jam/Content/testthing.uasset" 724
"../../../Jam/Content/ThirdPersonBP/Maps/ThirdPersonExampleMap_BuiltData.uasset" 725
"../../../Jam/Content/Geometry/Meshes/1M_Cube.uasset" 726
"../../../Jam/Content/Geometry/Meshes/TemplateFloor.uasset" 727
"../../../Jam/Content/ThirdPersonBP/Maps/ThirdPersonExampleMap.umap" 728
"../../../Engine/Content/Maps/Entry.umap" 729
